2021-07-15 05:23:02,587 [INFO] Building images
2021-07-15 05:24:10,335 [INFO] Building images
2021-07-15 05:30:26,009 [INFO] Loading env variables
2021-07-15 05:30:26,012 [INFO] Building services images
2021-07-15 05:30:50,237 [INFO] Loading env variables
2021-07-15 05:30:50,265 [INFO] Building services images
2021-07-15 05:32:06,026 [INFO] Loading env variables
2021-07-15 05:32:06,060 [INFO] Building services images
2021-07-15 05:32:06,511 [INFO] Running controller service
2021-07-15 05:32:06,809 [WARNING] Error running controller service; is the PORT taken?
2021-07-15 05:57:26,505 [INFO] Loading env variables
2021-07-15 05:57:26,509 [INFO] Building services images
2021-07-15 05:57:26,902 [INFO] Successfuly built images
2021-07-15 05:57:26,902 [INFO] Running controller service
2021-07-15 05:57:27,107 [WARNING] Error running controller service; is the PORT taken?
2021-07-15 05:57:27,109 [INFO] Controller service running
2021-07-15 05:58:08,133 [INFO] Loading env variables
2021-07-15 05:58:08,134 [INFO] Building services images
2021-07-15 05:58:08,433 [INFO] Successfuly built images
2021-07-15 05:58:08,433 [INFO] Running controller service
2021-07-15 05:58:08,636 [WARNING] Error running controller service; is the PORT taken?
2021-07-15 07:19:56,491 [INFO] Loading env variables
2021-07-15 07:19:56,494 [INFO] Building services images
2021-07-15 07:19:57,161 [INFO] Successfuly built images
2021-07-15 07:19:57,161 [INFO] Running controller service
2021-07-15 07:19:58,033 [INFO] Controller service running
2021-07-15 07:19:58,132 [INFO] Run scheduler service
2021-07-15 07:19:59,152 [INFO] Scheduler service running
2021-07-15 07:21:04,059 [INFO] Loading env variables
2021-07-15 07:21:04,062 [INFO] Building services images
2021-07-15 07:21:04,547 [INFO] Successfuly built images
2021-07-15 07:21:04,548 [INFO] Running controller service
2021-07-15 07:21:04,887 [WARNING] Error running controller service; is the PORT taken?
2021-07-15 07:21:14,968 [INFO] Loading env variables
2021-07-15 07:21:14,972 [INFO] Building services images
2021-07-15 07:21:15,519 [INFO] Successfuly built images
2021-07-15 07:21:15,519 [INFO] Running controller service
2021-07-15 07:21:16,305 [INFO] Controller service running
2021-07-15 07:21:16,411 [INFO] Run scheduler service
2021-07-15 07:21:17,440 [INFO] Scheduler service running, sending reset request every 10 seconds
2021-07-15 08:17:05,392 [INFO] Loading env variables
2021-07-15 08:17:05,435 [INFO] Building services images
2021-07-15 08:17:07,224 [INFO] Successfuly built images
2021-07-15 08:17:07,230 [INFO] Running controller service
2021-07-15 08:17:08,165 [INFO] Controller service running
2021-07-15 08:17:08,254 [INFO] Run scheduler service
2021-07-15 08:17:09,086 [INFO] Scheduler service running, sending reset request every 10 seconds
2021-07-15 08:21:16,744 [INFO] Loading env variables
2021-07-15 08:21:16,754 [INFO] Building services images
2021-07-15 08:21:17,392 [INFO] Successfuly built images
2021-07-15 08:21:17,393 [INFO] Running controller service
2021-07-15 08:21:17,824 [WARNING] Error running controller service; is the PORT taken?
2021-07-15 08:21:30,535 [INFO] Loading env variables
2021-07-15 08:21:30,543 [INFO] Building services images
2021-07-15 08:21:31,287 [INFO] Successfuly built images
2021-07-15 08:21:31,288 [INFO] Running controller service
2021-07-15 08:21:32,205 [INFO] Controller service running
2021-07-15 08:21:32,426 [INFO] Run scheduler service
2021-07-15 08:21:33,481 [INFO] Scheduler service running, sending reset request every 10 seconds
2021-07-15 08:21:33,481 [INFO] To log controler server request, run docker attach aba3c1cb120478b916fbbaed5c62a2ed966f67f261603e8aa5b4d20badbe823f
2021-07-15 08:54:20,272 [INFO] Loading env variables
2021-07-15 08:54:20,282 [INFO] Building services images
2021-07-15 08:54:20,756 [INFO] Successfuly built images
2021-07-15 08:54:23,814 [INFO] Running controller service
2021-07-15 08:54:24,591 [INFO] Controller service running
2021-07-15 08:54:24,685 [INFO] Run scheduler service
2021-07-15 08:54:25,737 [INFO] Scheduler service running, sending reset request every 10 seconds
2021-07-15 08:54:25,737 [INFO] To log controller server responses, run docker attach 70bf88939db85bdc3d61755b3d32461b016231f094c76d976d2b0b02e969b02d
2021-07-15 08:55:32,733 [INFO] Loading env variables
2021-07-15 08:55:32,736 [INFO] Building services images
2021-07-15 08:55:33,224 [INFO] Successfuly built images
2021-07-15 08:55:35,720 [INFO] Running controller service
2021-07-15 08:55:36,539 [INFO] Controller service running
2021-07-15 08:55:36,635 [INFO] Run scheduler service
2021-07-15 08:55:37,509 [INFO] Scheduler service running, sending reset request every 10 seconds
2021-07-15 08:55:37,509 [INFO] To log controller server responses, run docker attach da517bd5c3ff38bc68130207d10850e405528217dfa35697888611aab14ea710
2021-07-15 08:56:03,551 [INFO] Loading env variables
2021-07-15 08:56:03,558 [INFO] Building services images
2021-07-15 08:56:04,278 [INFO] Successfuly built images
2021-07-15 08:56:06,530 [INFO] Running controller service
2021-07-15 08:56:07,253 [INFO] Controller service running
2021-07-15 08:56:07,330 [INFO] Run scheduler service
2021-07-15 08:56:08,235 [INFO] Scheduler service running, sending reset request every 10 seconds
2021-07-15 08:56:08,235 [INFO] To log controller server responses, run docker attach 07fe10744229687a373062ae8a86a0507779eb017fc37bb7314d633726b60ec7
2021-07-15 09:19:36,360 [INFO] Loading env variables
2021-07-15 09:19:36,373 [INFO] Building services images
2021-07-15 09:19:37,325 [INFO] Successfuly built images
2021-07-15 09:19:39,305 [INFO] Running controller service
2021-07-15 09:19:40,143 [INFO] Controller service running
2021-07-15 09:19:40,261 [INFO] Run scheduler service
2021-07-15 09:19:41,230 [INFO] Scheduler service running, sending reset request every 10 seconds
2021-07-15 09:19:41,234 [INFO] To log controller server responses, run docker attach 490501ef1cf011f65fb77d122a60d0ba6a155670eaefa0a4012f57562d5d05c8
